<?xml version="1.0" encoding="UTF-8"?>
<!-- Generated by org.testng.reporters.JUnitXMLReporter -->
<testsuite ignored="0" hostname="Qpros-peters" failures="1" tests="1" name="Command line test" time="11.731" errors="0" timestamp="2025-03-21T09:59:26 GST">
  <testcase classname="io.cucumber.testng.AbstractTestNGCucumberTests" name="runScenario" time="6.144">
    <failure type="java.lang.RuntimeException" message="Page load took too long: 24ms">
      <![CDATA[java.lang.RuntimeException: Page load took too long: 24ms
at automation.web.common.CommonFunctions.logStatus(CommonFunctions.java:164)
at automation.web.common.CommonFunctions.checkPageLoadTime(CommonFunctions.java:999)
at automation.web.steps.LoginSteps.checkPageLoadTime(LoginSteps.java:136)
at ✽.Check Page Load Time below 10(file:///C:/Users/lenovo/Desktop/ERAD/SauceDemo/src/test/resources/features/web/Visual%20&%20Performance%20Testing.feature:10)
]]>
    </failure>
  </testcase> <!-- runScenario -->
</testsuite> <!-- Command line test -->
