<?xml version="1.0" encoding="UTF-8"?>
<!-- Generated by org.testng.reporters.JUnitReportReporter -->
<testsuite hostname="Qpros-peters" failures="0" tests="1" name="runners.web.PerformanceTestingRunner" time="6.144" errors="1" timestamp="2025-03-21T09:59:26 GST" skipped="0">
  <testcase classname="runners.web.PerformanceTestingRunner" name="runScenario" time="6.144">
    <error message="Page load took too long: 24ms" type="java.lang.RuntimeException">
      <![CDATA[java.lang.RuntimeException: Page load took too long: 24ms
at automation.web.common.CommonFunctions.logStatus(CommonFunctions.java:164)
at automation.web.common.CommonFunctions.checkPageLoadTime(CommonFunctions.java:999)
at automation.web.steps.LoginSteps.checkPageLoadTime(LoginSteps.java:136)
at ✽.Check Page Load Time below 10(file:///C:/Users/lenovo/Desktop/ERAD/SauceDemo/src/test/resources/features/web/Visual%20&%20Performance%20Testing.feature:10)
]]>
    </error>
  </testcase> <!-- runScenario -->
</testsuite> <!-- runners.web.PerformanceTestingRunner -->
